x
Mul,-35,tan,Mul,Mul,6,Pow,5,-1,Pow,x,-1,Pow,Add,1,x,-1,cos,1
tan,Mul,Mul,1,Pow,16,-1,Pow,Add,1,sin,1,-1,Add,Mul,9,x,Mul,Add,1,sin,1,Add,128,Mul,16,x
0
Mul,-3024,Pow,x,-1
Mul,-1,log,Mul,Pow,Add,12,log,5,-1,Add,500,Mul,-1,x,log,227373675443232059478759765625
Mul,-8,Pow,Add,-4,sin,Add,1,Mul,-1,x,Mul,Mul,3,Pow,5,-1,Pow,log,Add,1,Pow,2,Mul,1,Pow,2,-1,-1,-1
Mul,-26,cos,x
Mul,Pow,x,-1,Pow,Add,-1,Mul,3,x,-1,Add,-4,Mul,5,Pow,x,2,Mul,12,x
log,Add,3,Mul,Mul,1,Pow,2,-1,Pow,x,-1,Add,Mul,-165,Pow,2,-1,sin,4
Mul,-1,cos,Mul,Add,5,x,Mul,Add,2,Mul,-1,log,Mul,40,Pow,9,-1,exp,4,exp,-4
Mul,-10,x,Pow,6,Mul,1,Pow,2,-1,Pow,Add,72,Mul,-1,cos,tan,4,Mul,-1,Pow,2,-1
Add,x,Mul,-1,tan,Mul,16,Pow,Add,1,Mul,Add,-6,x,exp,3,-1,exp,3
Mul,Mul,1,Pow,2,-1,Pow,x,-1,Pow,cos,Mul,8,Pow,Add,1,cos,Add,-4,cos,4,-1,tan,Add,4,cos,4,-1
Mul,Mul,1,Pow,3,-1,Pow,x,-2,Add,4,Mul,x,Add,10,Mul,-1,sin,x
Mul,-18,Pow,Add,-18,Mul,3,tan,sin,2,Mul,4,Pow,x,2,-1
Mul,Pow,Add,2,x,-1,Add,1,Mul,-9,E,Add,3,x,exp,-1
Mul,30,cos,x
Mul,12,Pow,x,-1,tan,tan,Add,1,Mul,Mul,15,Pow,2,-1,Pow,tan,4,-1
Add,x,Mul,5,sin,Mul,5,x,sin,x
Mul,8,Pow,x,-2,Pow,tan,5,-1,Pow,tan,2,-1,Add,-4,Mul,3,x
Mul,-1,x
Mul,Mul,-2,Pow,9,-1,x
Add,x,Mul,-1,Pow,x,Mul,1,Pow,2,-1
Mul,900,x
sin,Mul,Mul,3,Pow,10,-1,Add,20,Mul,-1,x,Mul,5,cos,tan,4,cos,5
Mul,15,Pow,Add,4,x,-1,Add,38,Mul,9,x,sin,2,tan,tan,2
Mul,Mul,3,Pow,80,-1,Pow,x,-1,Pow,Add,-4,x,-1,Add,8,Mul,67,x
Mul,-3,exp,Add,4,Mul,5,x,sin,4
Mul,Mul,1,Pow,2,-1,Pow,Add,-9,Mul,2,x,-1
Mul,8,x,Pow,Add,4,Mul,-1,sin,sin,2,-1
Mul,2,Pow,Add,-20,Mul,Add,-1,Mul,2,x,Add,2,x,-1,Add,-1,Mul,2,x,sin,x
Mul,20,Pow,Add,-11,Mul,-4,cos,5,Mul,24,x,sin,x,-1
Add,Mul,-1,x,Mul,-2,exp,Mul,-1,Pow,Add,27,Mul,5,cos,4,-1,Add,25,Mul,x,Add,27,Mul,5,cos,4
Mul,21,x
Mul,20,Pow,Add,-1,x,-1,Pow,Add,5,Mul,2,x,-1,log,3
Mul,-3,x,Pow,Add,3,cos,7,cos,Add,-3,x,-1
Mul,Mul,-4,Pow,3,-1,Pow,x,-1,Pow,sin,3,-1,Add,-3,Mul,5,x,Add,9,Mul,-1,cos,6
Mul,Add,1,Mul,2,tan,Mul,56,Pow,3,-1,Add,-8,Mul,Mul,2,Pow,7,-1,x
Mul,Mul,25,Pow,2,-1,Pow,x,-1,Pow,Add,5,Mul,4,sin,5,-1,sin,5
Mul,4,x
cos,Mul,Pow,Add,6,sin,Mul,12,Pow,Add,7,x,-1,Pow,cos,2,-1,-1,Add,Mul,-5,Pow,2,-1,sin,1
log,Pow,Add,Mul,4,Pow,3,-1,Mul,Mul,4,Pow,3,-1,cos,2,Add,Mul,5,Pow,8,-1,Mul,-5,x
Mul,-1,x,Pow,Add,Mul,16,sin,cos,27,Mul,64,x,-1,Add,Mul,-5,pi,Mul,2,x
Add,Mul,Mul,-3,Pow,2,-1,Pow,x,-1,Mul,Mul,-1,Pow,3,-1,x
Mul,Mul,64,Pow,75,-1,x
Mul,Mul,1,Pow,36,-1,x,Add,-12,log,Add,-7,Mul,Mul,31,Pow,3,-1,x
Mul,Mul,25,Pow,16,-1,Add,5,sin,4,Add,4,x,Pow,Add,-4,Mul,5,x,Mul,1,Pow,2,-1
Mul,Mul,15,Pow,2,-1,x
Mul,Mul,1,Pow,4,-1,Pow,x,-1,Pow,sin,Mul,4,Pow,x,-1,Add,2,x,-1,Add,-6,Mul,-1,x,Add,2,x,log,Add,1,Pow,2,Mul,1,Pow,2,-1
Mul,Mul,-1,Pow,2,-1,x
Mul,15,x
Mul,-25,Pow,Add,2,Mul,6,x,Add,15,x,sin,3,-1
Add,Mul,-9,Pow,x,-1,Mul,16,x
Mul,Mul,-25,Pow,2,-1,x
Mul,Mul,112,Pow,15,-1,x,Pow,Add,6,Mul,-1,exp,5,Mul,2,x,-1
log,Mul,4,Pow,x,-1,Add,7,Mul,3,Pow,Add,x,sin,1,-1,Mul,Mul,-1,Pow,5,-1,cos,Mul,-1,Pow,Add,-4,x,-1
Mul,Mul,200,Pow,9,-1,Pow,x,-1
Add,x,Mul,Mul,-1,Pow,2,-1,Add,18,Mul,10,Pow,Add,x,Mul,-1,exp,-5,-1,exp,5
Mul,Mul,-5,Pow,32,-1,Add,-5,x,cos,x,tan,1
Mul,3,pi,Pow,Add,85,Mul,9,x,-1,Add,9,x,exp,3
Mul,Mul,3,Pow,40,-1,Pow,x,-1,Pow,Add,-5,sin,x,-1,tan,Add,2,Mul,Mul,1,Pow,5,-1,tan,1
Mul,20,Pow,log,Add,-1,x,-1
Mul,Mul,18,Pow,5,-1,x
Mul,Mul,1,Pow,105,-1,Pow,tan,2,-1,Add,5,Mul,100,x,Mul,21,exp,x,tan,2
Add,Mul,Mul,-4,Pow,25,-1,Pow,x,-1,Mul,Mul,1,Pow,5,-1,x
Mul,-48,x,Pow,sin,Add,2,Mul,3,sin,4,-1
Add,x,Mul,-1,Pow,cos,Mul,Mul,1,Pow,3,-1,Pow,x,2,Pow,Add,5,x,-1,Mul,1,Pow,2,-1
Mul,Mul,5,Pow,2,-1,Pow,Add,2,Mul,7,x,-1
Mul,Mul,-1,Pow,2,-1,Add,-3,exp,Add,-1,x,cos,Mul,Pow,Add,-3,Mul,2,x,-1,cos,3
Mul,5,x,Pow,Add,-7,x,-1,Pow,log,-1,Add,54,Mul,-8,x,Mul,Add,-7,x,log
Mul,Mul,1,Pow,5,-1,Pow,x,-1,Add,1,Mul,2,E,x,cos,x,Add,-1,x,exp,-1
Mul,Mul,7,Pow,30,-1,Add,5,x,tan,5
Mul,Add,-1,Mul,4,x,Add,-5,Mul,4,x
Mul,-17,Pow,Add,21,x,-1
Mul,-1,Pow,Add,48,Mul,-4,sin,4,-1,Add,-75,Mul,1125,x,cos,2
Mul,-3,Pow,Add,Mul,-1,Add,3,sin,10,Add,6,Mul,2,sin,5,log,-1,Add,3,sin,10,exp,2
Mul,Pow,Add,-1,Mul,Add,2,Mul,3,x,exp,4,-1,Add,-1,x,Add,11,Mul,2,exp,4,Mul,-1,Add,22,Mul,33,x,exp,4
Mul,Mul,1,Pow,60,-1,E,x,Add,1,Mul,-1,Pow,2,Mul,1,Pow,2,-1,Add,3,x
Add,-3,Mul,Mul,27,Pow,10,-1,x
Mul,20,Pow,Add,-5,Mul,Add,-15,sin,x,exp,5,-1,Pow,tan,Add,3,Mul,15,sin,5,-1,exp,5
Add,Mul,x,tan,2,tan,Add,x,Mul,Mul,1,Pow,4,-1,Pow,x,3,Pow,tan,1,-1
Mul,Mul,-112,Pow,19,-1,x
Mul,Mul,3,Pow,7,-1,Pow,Add,x,tan,x,-1,sin,5
Mul,-4,x
Mul,Mul,-825,Pow,16,-1,x,Pow,tan,x,-1,Add,-1,Mul,8,Add,1,x,tan,x
Mul,-3,Pow,Add,5,tan,x,-1,Pow,Add,-5,x,log,2,-1,Add,-6,x,log,2,sin,sin,4
Mul,-3,x,Pow,Add,1,Mul,Add,3,sin,4,cos,Add,Mul,5,x,Mul,5,sin,4,-1,cos,Add,Mul,5,x,Mul,5,sin,4
Mul,Mul,1,Pow,2,-1,Pow,x,-1,Pow,sin,1,-1,Add,-4,x,Add,45,Mul,-10,x,Mul,10,sin,3,Mul,Add,-4,Mul,2,x,sin,1
cos,Mul,Pow,Add,3,Mul,-1,sin,3,-1,Add,-3,Mul,Mul,1,Pow,16,-1,tan,tan,x,sin,3
Mul,Mul,11,Pow,9,-1,x,exp,Mul,15,Pow,2,-1
Mul,-1,tan,Add,Mul,-4,Pow,3,-1,Mul,Mul,5,Pow,3,-1,x,Pow,cos,cos,Mul,9,x,-1
Mul,-1,Pow,Add,20,Mul,-10,sin,2,Mul,6,x,Mul,-1,pi,Add,10,Mul,3,x,-1,Add,40,Mul,-20,sin,2,Mul,12,x
log,Mul,Pow,sin,3,-1,Add,Mul,-57,Pow,23,-1,Mul,Mul,5,Pow,23,-1,x
Mul,-160,Pow,x,2,Pow,Add,-1,x,-1
Mul,Mul,1,Pow,3,-1,Pow,sin,Mul,Mul,10,Pow,3,-1,Pow,x,-1,-1,Add,-5,Mul,Add,x,cos,3,sin,Mul,Mul,10,Pow,3,-1,Pow,x,-1,Add,-2,x,log,2
Mul,4,Pow,Add,-5,x,-1,tan,Add,5,cos,x
Add,Mul,2,Pow,x,-1,cos,Add,2,x,Mul,Mul,1,Pow,8,-1,tan,Mul,2,Pow,sin,5,-1
Add,Mul,-4,Pow,x,Mul,1,Pow,2,-1,Mul,20,x
Add,Mul,-1,x,Mul,Add,Mul,11,Pow,60,-1,Mul,Mul,1,Pow,20,-1,x,cos,2
