Add,Mul,-13,Pow,2,-1,c,Mul,-1,x,Mul,Mul,6,Pow,5,-1,tan,Mul,2,x
Mul,c,Pow,Add,Mul,2,cos,2,sin,15,-1,Add,Mul,-2,tan,4,Mul,Add,Mul,2,cos,2,sin,15,Add,exp,6,tan,x
Add,Mul,-2,Pow,5,-1,Mul,Mul,-2,Pow,75,-1,sin,Add,Mul,-2,x,Mul,2,c
Add,1,Mul,-1,Pow,c,-1,Pow,x,-1
c
Mul,5,Pow,Add,3,x,Mul,-1,c,-1,Add,-12,tan,Mul,3,Pow,Add,-5,x,-1
Mul,Pow,Add,18,x,-1,Add,-90,c,Mul,-5,x
Add,5,cos,Mul,2,c,Pow,x,-1
Add,Mul,Mul,-13,Pow,3,-1,c,Mul,c,x,exp,Mul,-8,Pow,5,-1
Mul,2,c,Pow,tan,Mul,4,Pow,3,-1,-1
Mul,Pow,log,13,-1,Add,5,Mul,-1,cos,Add,-3,x,Mul,Add,-4,c,log,13
Add,-3,c,Mul,-2,tan,Mul,8,x,Mul,Mul,-1,Pow,2,-1,Add,-3,Mul,2,tan,2,Add,3,sin,5,tan,x
Add,25,Mul,5,Pow,Add,1,c,Mul,4,x,Mul,1,Pow,2,-1,Pow,Add,-1,c,Mul,4,x,Mul,1,Pow,2,-1
Mul,c,Add,3,x
Mul,x,Add,6,Mul,15,Pow,Add,1,Mul,-1,tan,Pow,x,-1,Mul,c,Pow,x,-1,-1
Mul,-4,Pow,Add,-1,c,x,-1
Mul,Mul,1,Pow,2,-1,Pow,Add,-41,Mul,20,x,-1,Add,-15,Mul,2,Add,-41,Mul,20,x,Add,c,tan,Add,3,x
Add,3,c,Mul,-1,tan,Mul,Mul,1,Pow,3,-1,Pow,Add,-5,x,-1,Add,-12,Mul,Add,-5,x,Add,23,Mul,3,cos,x
Mul,Mul,1,Pow,15,-1,x,Pow,c,-1,Add,1,c,x
Mul,-1,Add,Mul,23,Pow,16,-1,Mul,Mul,1,Pow,4,-1,c,cos,cos,2
Mul,Mul,1,Pow,4,-1,Pow,Add,2,x,-1,Add,-24,c,Mul,-12,x
Add,3,Mul,c,Add,8,Mul,-1,x,cos,4
Mul,4,Add,-3,x,Add,Mul,-1,x,Mul,4,c
Mul,3,Pow,Add,-5,Mul,-2,x,Mul,Add,1,Mul,-3,c,Add,4,x,Add,2,tan,1,-1,Add,2,tan,1
Mul,-5,Pow,cos,Mul,Mul,1,Pow,2,-1,x,Add,9,Mul,2,c,-1
Mul,13,Pow,x,Mul,1,Pow,2,-1,Pow,Add,Mul,-4,Pow,Add,c,Mul,x,Add,-8,x,Mul,1,Pow,2,-1,Mul,8,Pow,x,Mul,1,Pow,2,-1,log,-1
Add,3,c,x,Mul,c,x,Mul,-24,c,Pow,x,-1
Add,-50,Mul,-7,c,Add,1,x
Add,299,Mul,-215,Pow,x,-1,Mul,215,c
Add,-2,Mul,Mul,55,Pow,3,-1,Pow,x,2,Mul,-5,c,x,Mul,-5,x,cos,Add,4,Mul,3,Pow,x,-1
Mul,-1,Pow,Add,-8,Mul,3,x,-1,Pow,tan,Add,c,Mul,-6,x,-1,Add,-288,Mul,Add,-8,Mul,3,x,tan,Add,c,Mul,-6,x
Mul,c,Pow,x,Mul,1,Pow,2,-1,Pow,Add,4,x,-1,tan,Mul,5,Pow,x,-1
cos,Mul,3,Pow,Add,4,x,Mul,3,c,-1,Add,7,x,Mul,3,c
Add,Mul,21,Pow,8,-1,c,tan,Add,Mul,Mul,1,Pow,2,-1,x,Mul,Mul,-3,Pow,2,-1,exp,2
Mul,c,Pow,Add,1,Mul,-1,exp,Add,Mul,8,Pow,135,-1,Mul,Mul,4,Pow,45,-1,x,-1,exp,Add,Mul,8,Pow,135,-1,Mul,Mul,4,Pow,45,-1,x
Add,-2,c,Mul,5,Pow,tan,Mul,2,Pow,sin,Mul,3,Pow,10,-1,-1,Pow,cos,1,Mul,1,Pow,2,-1,Add,1,x,-1
Mul,Mul,1,Pow,7,-1,Pow,x,-1,Pow,Add,Mul,-1,x,Mul,3,c,-1,Add,Mul,-1,Pow,x,2,Mul,-2,x,Mul,6,c,Mul,6,Pow,tan,1,-1,Mul,3,c,x
Add,Mul,99,Pow,4,-1,Mul,Mul,-3,Pow,4,-1,cos,Add,9,c,Mul,Mul,-1,Pow,2,-1,x
Add,24,Mul,-9,x,Mul,-4,cos,5,Mul,8,c
Add,2,Mul,5,sin,cos,Add,5,Mul,c,Pow,x,2
Mul,3,c,Add,8,log,Mul,Pow,x,-1,Add,4,Mul,-1,Pow,x,Mul,1,Pow,2,-1,Mul,5,x
Add,10,Mul,-6,c,Pow,x,-1,cos,7
Mul,-4,x,exp,Add,c,x
Add,Mul,17,Pow,4,-1,Mul,Mul,1,Pow,4,-1,c,Mul,Mul,1,Pow,4,-1,cos,Add,5,cos,Add,-10,Mul,2,x
Mul,-15,Pow,tan,Add,-3,Mul,3,Add,-7,Mul,2,c,x,Add,4,Mul,-1,x,tan,1,-1
Mul,-4,Pow,Add,15,Mul,3,c,Mul,3,x,-1
Add,-3,Pow,Mul,c,cos,Add,-2,sin,Mul,4,Pow,Add,-47,x,-1,Mul,1,Pow,2,-1
Mul,Mul,1,Pow,4,-1,log,Mul,Pow,x,-1,Add,-2,x,Mul,-1,c,Mul,-14,Pow,sin,4,-1
Mul,Mul,1,Pow,3,-1,c,Add,5,Mul,12,x
Mul,Mul,1,Pow,2,-1,Add,-1,x,Add,7,Mul,-1,c,Mul,2,x
cos,Mul,Mul,1,Pow,4,-1,x,Add,-20,Mul,-1,pi,Mul,4,c,Mul,4,x
Mul,Pow,Add,1,Mul,-1,cos,2,-1,Add,Mul,-5,Pow,4,-1,x,Mul,-1,c
Mul,-1,Pow,Add,-20,Mul,Add,-5,c,Add,5,x,-1,Add,40,Mul,20,x,Mul,3,Add,-5,c,Add,5,x
Mul,-9,x,Pow,Add,10,Mul,36,x,-1,Add,-2,c
Add,-6,Mul,c,Add,-3,log,Add,x,Mul,Add,Mul,21,Pow,5,-1,Mul,Mul,-14,Pow,5,-1,x,sin,5
Add,-16,Mul,-8,c,Mul,8,x
Mul,Mul,-3,Pow,2,-1,c,Add,2,pi,Mul,2,cos,2
Add,1,x,Mul,c,Add,3,log,Add,-4,x
Mul,-16,c,Pow,x,-1
Add,30,Mul,-225,cos,5,Mul,-15,c,Mul,226,x
Mul,Pow,Add,9,Mul,2,x,-1,Add,-10,Mul,Add,5,c,Add,9,Mul,2,x
Add,Mul,Mul,2,Pow,5,-1,c,Mul,Mul,2,Pow,5,-1,x
Mul,Pow,cos,4,-1,Add,Mul,2,c,Add,-4,x,cos,4
Add,-3,Mul,Mul,-1,Pow,4,-1,cos,Mul,Mul,5,Pow,4,-1,Pow,Add,-3,x,-1,Add,-12,Mul,4,x,Mul,pi,Add,3,Mul,-1,tan,1,Mul,c,Pow,x,2
Mul,Mul,-2,Pow,33,-1,exp,Mul,10,c,Pow,Add,-3,x,-1
Add,3,Mul,-1,Pow,c,-1,Pow,x,-1
Add,9,Mul,-3,sin,Mul,96,c,Pow,x,-1
Add,c,Mul,-2,x
Mul,c,Pow,Add,-3,Mul,4,x,-1,Add,-9,Mul,8,x
Add,-8,Mul,3,Pow,Add,Mul,-10,Pow,x,-1,Mul,c,Add,-4,x,-1
Add,Mul,18,Pow,7,-1,Mul,Mul,-29,Pow,70,-1,x,Mul,Mul,-3,Pow,14,-1,c,Mul,Mul,1,Pow,5,-1,tan,2
Mul,Mul,1,Pow,3,-1,c,Pow,Add,41,Mul,7,x,-1,Add,369,Mul,63,x,Mul,25,Add,3,x,sin,x
exp,Mul,Pow,Add,3,Mul,-1,x,Mul,-1,tan,4,-1,Add,-6,Mul,Add,-4,c,Add,3,Mul,-1,x,Mul,-1,tan,4
Add,5,Mul,Mul,1,Pow,25,-1,c,x,Add,464,Mul,125,tan,2
Mul,4,Pow,c,-1,Add,-3,x
Mul,-1,Pow,Add,-4,tan,x,-1,Pow,Add,8,x,-1,Add,Mul,-5,cos,3,Mul,Add,-4,tan,x,Add,7,c,Add,8,x
Add,-2,Mul,5,c,x,Mul,Mul,-110,Pow,9,-1,c,Pow,x,-1,sin,1
Add,Mul,-8,Pow,5,-1,Mul,Mul,2,Pow,5,-1,cos,4,Mul,Mul,3,Pow,2,-1,sin,c
Mul,Mul,1,Pow,2,-1,x,Add,-6,c,Mul,-1,cos,Add,2,x,sin,10
Mul,2,c,Add,-7,cos,Add,9,Mul,-3,x,Mul,Mul,-3,Pow,5,-1,exp,-3
Mul,2,Pow,Add,Mul,-1,c,Mul,Add,-6,x,Add,6,Mul,x,cos,Add,-2,x,-1,Add,6,Mul,-1,x
Add,-5,Mul,-1,c,Mul,Mul,-34,Pow,7,-1,x,Mul,-2,c,Pow,x,-1
Add,-14,c,x
Add,Mul,44,Pow,5,-1,Mul,Mul,-11,Pow,5,-1,sin,Mul,c,Pow,tan,Mul,Mul,9,Pow,8,-1,Pow,x,-1,-1
Add,12,Mul,-1,exp,4,Mul,4,c,Pow,sin,x,-1
Mul,4,c,Add,-1,Mul,4,x
Add,Mul,-9,Pow,4,-1,Mul,Mul,1,Pow,4,-1,sin,Add,c,x
Mul,-1,pi,c,Pow,Add,-48,Mul,2,pi,x,Add,13,x,-1,Add,13,x
Add,Mul,1469,Pow,200,-1,Mul,Mul,1,Pow,8,-1,x,Mul,Mul,1,Pow,8,-1,c,Pow,sin,x,-1
Mul,Mul,3,Pow,2,-1,Add,5,x,Add,3,Mul,-1,x,Mul,-1,c,x
Mul,-1,Pow,Add,c,x,-1,Add,4,c,Mul,-1,x,Mul,-2,sin,2
cos,Mul,-1,Add,Mul,c,Add,3,x,cos,Add,-1,x,tan,Mul,1,Pow,8,-1,exp,Mul,-1,tan,5
Add,3,c,Mul,-1,c,Pow,x,-2,Mul,Mul,-43,Pow,5,-1,c,Pow,x,-1,Mul,-1,c,Pow,x,-2,tan,2
Add,285,c,Mul,-1,x
Mul,5,Pow,x,-1,Add,c,Mul,x,Add,-12,Mul,x,Add,-2,pi
Add,Mul,-4,c,Mul,-3,x,Mul,-1,x,Pow,tan,2,-1
Mul,Pow,Add,-3,x,-1,Add,Mul,1,Pow,16,-1,Mul,-1,Add,-3,x,Add,18,c
Add,-13,c,x
Mul,-1,Pow,Add,1,Mul,10,c,Add,-17,Mul,10,x,log,32,-1,Add,1,Mul,12,c,Add,-17,Mul,10,x,log,32
Add,Mul,-4,c,Mul,-1,x,sin,1,Mul,-4,x,tan,4
